<?xml version="1.0" encoding="UTF-8"?>
<!-- Generated by org.testng.reporters.JUnitXMLReporter -->
<testsuite ignored="2" hostname="DESKTOP-2QH6AJN" failures="0" tests="4" name="Test" time="31.583" errors="0" timestamp="2024-09-06T15:56:48 IST">
  <testcase classname="TestCases.verifyRegistration" name="verifyRegisterationWithValidData" time="3.817"/>
  <testcase classname="TestCases.verifyRegistration" name="verifyRegisterationWithInBlankdData" time="2.741"/>
  <testcase classname="TestCases.verifyLogin" name="verifyLoginWithValidData" time="2.48"/>
  <testcase classname="TestCases.verifyLogin" name="verifyLoginWithInValidData" time="2.707"/>
  <testcase classname="Resources.BaseClass" name="@BeforeSuite ExtentReport" time="0.0">
    <ignored/>
  </testcase> <!-- @BeforeSuite ExtentReport -->
  <testcase classname="Resources.BaseClass" name="@AfterSuite endReport" time="0.0">
    <ignored/>
  </testcase> <!-- @AfterSuite endReport -->
</testsuite> <!-- Test -->
