<?xml version="1.0" encoding="UTF-8"?>
<testng-results ignored="2" total="6" passed="4" failed="0" skipped="0">
  <reporter-output>
  </reporter-output>
  <suite started-at="2024-09-06T15:56:17 IST" name="Suite" finished-at="2024-09-06T15:56:48 IST" duration-ms="31583">
    <groups>
    </groups>
    <test started-at="2024-09-06T15:56:17 IST" name="Test" finished-at="2024-09-06T15:56:48 IST" duration-ms="31583">
      <class name="TestCases.verifyLogin">
        <test-method is-config="true" signature="launchBrowserAndOpenURI()[pri:0, instance:TestCases.verifyLogin@d86a6f]" started-at="2024-09-06T15:56:35 IST" name="launchBrowserAndOpenURI" finished-at="2024-09-06T15:56:39 IST" duration-ms="3814" status="PASS">
          <reporter-output>
          </reporter-output>
        </test-method> <!-- launchBrowserAndOpenURI -->
        <test-method signature="verifyLoginWithValidData()[pri:1, instance:TestCases.verifyLogin@d86a6f]" started-at="2024-09-06T15:56:39 IST" name="verifyLoginWithValidData" finished-at="2024-09-06T15:56:41 IST" duration-ms="2480" status="PASS">
          <reporter-output>
          </reporter-output>
        </test-method> <!-- verifyLoginWithValidData -->
        <test-method is-config="true" signature="closeBrowser()[pri:0, instance:TestCases.verifyLogin@d86a6f]" started-at="2024-09-06T15:56:41 IST" name="closeBrowser" finished-at="2024-09-06T15:56:42 IST" duration-ms="219" status="PASS">
          <reporter-output>
          </reporter-output>
        </test-method> <!-- closeBrowser -->
        <test-method is-config="true" signature="launchBrowserAndOpenURI()[pri:0, instance:TestCases.verifyLogin@d86a6f]" started-at="2024-09-06T15:56:42 IST" name="launchBrowserAndOpenURI" finished-at="2024-09-06T15:56:45 IST" duration-ms="3789" status="PASS">
          <reporter-output>
          </reporter-output>
        </test-method> <!-- launchBrowserAndOpenURI -->
        <test-method signature="verifyLoginWithInValidData()[pri:2, instance:TestCases.verifyLogin@d86a6f]" started-at="2024-09-06T15:56:45 IST" name="verifyLoginWithInValidData" finished-at="2024-09-06T15:56:48 IST" duration-ms="2707" status="PASS">
          <reporter-output>
          </reporter-output>
        </test-method> <!-- verifyLoginWithInValidData -->
        <test-method is-config="true" signature="closeBrowser()[pri:0, instance:TestCases.verifyLogin@d86a6f]" started-at="2024-09-06T15:56:48 IST" name="closeBrowser" finished-at="2024-09-06T15:56:48 IST" duration-ms="258" status="PASS">
          <reporter-output>
          </reporter-output>
        </test-method> <!-- closeBrowser -->
      </class> <!-- TestCases.verifyLogin -->
      <class name="TestCases.verifyRegistration">
        <test-method is-config="true" signature="ExtentReport()[pri:0, instance:TestCases.verifyRegistration@368247b9]" started-at="2024-09-06T15:56:16 IST" name="ExtentReport" finished-at="2024-09-06T15:56:17 IST" duration-ms="370" status="PASS">
          <reporter-output>
          </reporter-output>
        </test-method> <!-- ExtentReport -->
        <test-method is-config="true" signature="launchBrowserAndOpenURI()[pri:0, instance:TestCases.verifyRegistration@368247b9]" started-at="2024-09-06T15:56:17 IST" name="launchBrowserAndOpenURI" finished-at="2024-09-06T15:56:22 IST" duration-ms="5333" status="PASS">
          <reporter-output>
          </reporter-output>
        </test-method> <!-- launchBrowserAndOpenURI -->
        <test-method signature="verifyRegisterationWithValidData()[pri:1, instance:TestCases.verifyRegistration@368247b9]" started-at="2024-09-06T15:56:22 IST" name="verifyRegisterationWithValidData" finished-at="2024-09-06T15:56:26 IST" duration-ms="3817" status="PASS">
          <reporter-output>
          </reporter-output>
        </test-method> <!-- verifyRegisterationWithValidData -->
        <test-method is-config="true" signature="closeBrowser()[pri:0, instance:TestCases.verifyRegistration@368247b9]" started-at="2024-09-06T15:56:26 IST" name="closeBrowser" finished-at="2024-09-06T15:56:26 IST" duration-ms="252" status="PASS">
          <reporter-output>
          </reporter-output>
        </test-method> <!-- closeBrowser -->
        <test-method is-config="true" signature="launchBrowserAndOpenURI()[pri:0, instance:TestCases.verifyRegistration@368247b9]" started-at="2024-09-06T15:56:26 IST" name="launchBrowserAndOpenURI" finished-at="2024-09-06T15:56:32 IST" duration-ms="5882" status="PASS">
          <reporter-output>
          </reporter-output>
        </test-method> <!-- launchBrowserAndOpenURI -->
        <test-method signature="verifyRegisterationWithInBlankdData()[pri:2, instance:TestCases.verifyRegistration@368247b9]" started-at="2024-09-06T15:56:32 IST" name="verifyRegisterationWithInBlankdData" finished-at="2024-09-06T15:56:35 IST" duration-ms="2741" status="PASS">
          <reporter-output>
          </reporter-output>
        </test-method> <!-- verifyRegisterationWithInBlankdData -->
        <test-method is-config="true" signature="closeBrowser()[pri:0, instance:TestCases.verifyRegistration@368247b9]" started-at="2024-09-06T15:56:35 IST" name="closeBrowser" finished-at="2024-09-06T15:56:35 IST" duration-ms="229" status="PASS">
          <reporter-output>
          </reporter-output>
        </test-method> <!-- closeBrowser -->
        <test-method is-config="true" signature="endReport()[pri:0, instance:TestCases.verifyRegistration@368247b9]" started-at="2024-09-06T15:56:48 IST" name="endReport" finished-at="2024-09-06T15:56:49 IST" duration-ms="533" status="PASS">
          <reporter-output>
          </reporter-output>
        </test-method> <!-- endReport -->
      </class> <!-- TestCases.verifyRegistration -->
    </test> <!-- Test -->
  </suite> <!-- Suite -->
</testng-results>
